Started by user [8mha:////4Oe7XndOjUHF0L9HjWGvFL+P3JP4FxD6xmmNAItHQRXmAAAAmh+LCAAAAAAAAP9b85aBtbiIQTGjNKU4P08vOT+vOD8nVc83PyU1x6OyILUoJzMv2y+/JJUBAhiZGBgqihhk0NSjKDWzXb3RdlLBUSYGJk8GtpzUvPSSDB8G5tKinBIGIZ+sxLJE/ZzEvHT94JKizLx0a6BxUmjGOUNodHsLgAzWEgY+/dLi1CL9pPyizOKSxCQAxZ/TOMMAAAA=[0mBoris
org.codehaus.groovy.control.MultipleCompilationErrorsException: startup failed:
WorkflowScript: 22: Expected a stage @ line 22, column 9.
           boolean testPassed = true
           ^

WorkflowScript: 23: Unknown stage section "withEnv". Starting with version 0.5, steps in a stage must be in a â€˜stepsâ€™ block. @ line 23, column 9.
           stage('Test') {
           ^

WorkflowScript: 60: Not a valid stage section definition: "if (testPassed) {
                echo "Deploy"
            }
            else {
                return "Tests failed, no deploy"
            }". Some extra configuration is required. @ line 60, column 9.
           stage('Production Deploy') {
           ^

WorkflowScript: 23: Expected one of "steps", "stages", or "parallel" for stage "Test" @ line 23, column 9.
           stage('Test') {
           ^

WorkflowScript: 60: Expected one of "steps", "stages", or "parallel" for stage "Production Deploy" @ line 60, column 9.
           stage('Production Deploy') {
           ^

5 errors

	at org.codehaus.groovy.control.ErrorCollector.failIfErrors(ErrorCollector.java:309)
	at org.codehaus.groovy.control.CompilationUnit.applyToPrimaryClassNodes(CompilationUnit.java:1107)
	at org.codehaus.groovy.control.CompilationUnit.doPhaseOperation(CompilationUnit.java:624)
	at org.codehaus.groovy.control.CompilationUnit.processPhaseOperations(CompilationUnit.java:602)
	at org.codehaus.groovy.control.CompilationUnit.compile(CompilationUnit.java:579)
	at groovy.lang.GroovyClassLoader.doParseClass(GroovyClassLoader.java:323)
	at groovy.lang.GroovyClassLoader.parseClass(GroovyClassLoader.java:293)
	at org.jenkinsci.plugins.scriptsecurity.sandbox.groovy.GroovySandbox$Scope.parse(GroovySandbox.java:163)
	at org.jenkinsci.plugins.workflow.cps.CpsGroovyShell.doParse(CpsGroovyShell.java:142)
	at org.jenkinsci.plugins.workflow.cps.CpsGroovyShell.reparse(CpsGroovyShell.java:127)
	at org.jenkinsci.plugins.workflow.cps.CpsFlowExecution.parseScript(CpsFlowExecution.java:562)
	at org.jenkinsci.plugins.workflow.cps.CpsFlowExecution.start(CpsFlowExecution.java:514)
	at org.jenkinsci.plugins.workflow.job.WorkflowRun.run(WorkflowRun.java:336)
	at hudson.model.ResourceController.execute(ResourceController.java:107)
	at hudson.model.Executor.run(Executor.java:449)
Finished: FAILURE
